"GCUService.exe" "72716" "66.02 MB" "2025-03-31 23:52:16" "ЗАПУСК"
"wermgr.exe" "67508" "17.53 MB" "2025-03-31 23:52:16" "ЗАПУСК"
"dllhost.exe" "19580" "7.65 MB" "2025-03-31 23:52:21" "ЗАПУСК"
"wermgr.exe" "67508" "0.00 MB" "2025-03-31 23:52:22" "ОСТАНОВКА"
"GCUService.exe" "72716" "0.00 MB" "2025-03-31 23:52:22" "ОСТАНОВКА"
"init" "73732" "0.23 MB" "2025-03-31 23:52:27" "ЗАПУСК"
"wslhost.exe" "68620" "7.07 MB" "2025-03-31 23:52:27" "ЗАПУСК"
"init" "69656" "0.32 MB" "2025-03-31 23:52:27" "ЗАПУСК"
"bash" "58140" "3.83 MB" "2025-03-31 23:52:27" "ЗАПУСК"
"wsl.exe" "76104" "9.87 MB" "2025-03-31 23:52:27" "ЗАПУСК"
"ubuntu.exe" "75644" "9.87 MB" "2025-03-31 23:52:28" "ЗАПУСК"
"wermgr.exe" "75868" "17.57 MB" "2025-03-31 23:52:33" "ЗАПУСК"
"dllhost.exe" "75656" "7.67 MB" "2025-03-31 23:52:33" "ЗАПУСК"
"init" "73732" "0.00 MB" "2025-03-31 23:52:34" "ОСТАНОВКА"
"bash" "58140" "0.00 MB" "2025-03-31 23:52:34" "ОСТАНОВКА"
"wsl.exe" "76104" "0.00 MB" "2025-03-31 23:52:34" "ОСТАНОВКА"
"ubuntu.exe" "75644" "0.00 MB" "2025-03-31 23:52:34" "ОСТАНОВКА"
"wslhost.exe" "68620" "0.00 MB" "2025-03-31 23:52:34" "ОСТАНОВКА"
"dllhost.exe" "19580" "0.00 MB" "2025-03-31 23:52:34" "ОСТАНОВКА"
"dllhost.exe" "71268" "7.65 MB" "2025-03-31 23:52:39" "ЗАПУСК"
"dllhost.exe" "75656" "0.00 MB" "2025-03-31 23:52:40" "ОСТАНОВКА"
"wermgr.exe" "75868" "0.00 MB" "2025-03-31 23:52:40" "ОСТАНОВКА"
"dllhost.exe" "65540" "7.65 MB" "2025-03-31 23:52:44" "ЗАПУСК"
"Code.exe" "74176" "94.41 MB" "2025-03-31 23:52:45" "ЗАПУСК"
"init" "69656" "0.00 MB" "2025-03-31 23:52:45" "ОСТАНОВКА"
"dllhost.exe" "71268" "0.00 MB" "2025-03-31 23:52:45" "ОСТАНОВКА"
"browser.exe" "72240" "44.52 MB" "2025-03-31 23:52:55" "ЗАПУСК"
"browser.exe" "75260" "43.68 MB" "2025-03-31 23:52:56" "ЗАПУСК"
"dllhost.exe" "65540" "0.00 MB" "2025-03-31 23:52:56" "ОСТАНОВКА"
"dllhost.exe" "61152" "7.65 MB" "2025-03-31 23:53:02" "ЗАПУСК"
"GCUService.exe" "69984" "47.22 MB" "2025-03-31 23:53:02" "ЗАПУСК"
"wermgr.exe" "67688" "16.73 MB" "2025-03-31 23:53:07" "ЗАПУСК"
"dllhost.exe" "70292" "7.70 MB" "2025-03-31 23:53:07" "ЗАПУСК"
"dllhost.exe" "61152" "0.00 MB" "2025-03-31 23:53:08" "ОСТАНОВКА"
"GCUService.exe" "69984" "0.00 MB" "2025-03-31 23:53:08" "ОСТАНОВКА"
"wermgr.exe" "67688" "0.00 MB" "2025-03-31 23:53:14" "ОСТАНОВКА"
"dllhost.exe" "70292" "0.00 MB" "2025-03-31 23:53:14" "ОСТАНОВКА"
"WerFault.exe" "69172" "11.95 MB" "2025-03-31 23:53:19" "ЗАПУСК"
"dllhost.exe" "60164" "7.66 MB" "2025-03-31 23:53:19" "ЗАПУСК"
"WINWORD.EXE" "75264" "25.45 MB" "2025-03-31 23:53:24" "ЗАПУСК"
"browser.exe" "65172" "18.29 MB" "2025-03-31 23:53:25" "ЗАПУСК"
"dllhost.exe" "65688" "7.69 MB" "2025-03-31 23:53:25" "ЗАПУСК"
"WerFault.exe" "69172" "0.00 MB" "2025-03-31 23:53:25" "ОСТАНОВКА"
"dllhost.exe" "60164" "0.00 MB" "2025-03-31 23:53:25" "ОСТАНОВКА"
"browser.exe" "66372" "0.00 MB" "2025-03-31 23:53:25" "ОСТАНОВКА"
"SearchProtocolHost.exe" "61152" "8.57 MB" "2025-03-31 23:53:31" "ЗАПУСК"
"GCUService.exe" "66924" "47.02 MB" "2025-03-31 23:53:31" "ЗАПУСК"
"WINWORD.EXE" "75264" "0.00 MB" "2025-03-31 23:53:31" "ОСТАНОВКА"
"browser.exe" "75260" "0.00 MB" "2025-03-31 23:53:31" "ОСТАНОВКА"
"dllhost.exe" "65688" "0.00 MB" "2025-03-31 23:53:31" "ОСТАНОВКА"
"WerFault.exe" "74280" "12.13 MB" "2025-03-31 23:53:35" "ЗАПУСК"
"GCUService.exe" "75452" "76.72 MB" "2025-03-31 23:53:36" "ЗАПУСК"
"GCUService.exe" "66924" "0.00 MB" "2025-03-31 23:53:36" "ОСТАНОВКА"
"wermgr.exe" "76392" "16.80 MB" "2025-03-31 23:53:41" "ЗАПУСК"
"dllhost.exe" "66188" "7.66 MB" "2025-03-31 23:53:41" "ЗАПУСК"
"WerFault.exe" "74280" "0.00 MB" "2025-03-31 23:53:41" "ОСТАНОВКА"
"GCUService.exe" "75452" "0.00 MB" "2025-03-31 23:53:41" "ОСТАНОВКА"
"dllhost.exe" "67132" "7.67 MB" "2025-03-31 23:53:45" "ЗАПУСК"
"browser.exe" "75380" "24.66 MB" "2025-03-31 23:53:46" "ЗАПУСК"
"browser.exe" "72240" "0.00 MB" "2025-03-31 23:53:47" "ОСТАНОВКА"
"dllhost.exe" "66188" "0.00 MB" "2025-03-31 23:53:47" "ОСТАНОВКА"
"wermgr.exe" "76392" "0.00 MB" "2025-03-31 23:53:47" "ОСТАНОВКА"
"browser.exe" "65172" "0.00 MB" "2025-03-31 23:53:47" "ОСТАНОВКА"
"SearchFilterHost.exe" "75344" "7.57 MB" "2025-03-31 23:53:51" "ЗАПУСК"
"browser.exe" "58012" "18.31 MB" "2025-03-31 23:53:51" "ЗАПУСК"
"dllhost.exe" "67132" "0.00 MB" "2025-03-31 23:53:52" "ОСТАНОВКА"
"SearchFilterHost.exe" "64292" "0.00 MB" "2025-03-31 23:53:52" "ОСТАНОВКА"
